2020-03-22 14:39:18,714 [INFO] 
2020-03-22 14:39:18,715 [INFO] Executing ReCircle machine control script...
2020-03-22 14:39:18,716 [INFO] Initializing CAN0
2020-03-22 14:39:18,716 [INFO] RPi detected
2020-03-22 14:39:18,898 [INFO] Created a socket
2020-03-22 14:39:18,899 [INFO] Initialized CAN0
2020-03-22 14:39:18,900 [INFO] Initializing System
2020-03-22 14:39:18,901 [INFO] Initialized System
2020-03-22 14:39:18,902 [INFO] Starting System
2020-03-22 14:39:19,175 [INFO] CAN TX: 6a4 81 0 0 0 0 0 0 0 
2020-03-22 14:39:19,176 [INFO] Starting GUI
2020-03-22 14:39:19,193 [INFO] CAN RX: 6a4 8 0 0 0 0 0 0 0 5c 
2020-03-22 14:39:19,276 [INFO] CAN TX: 672 81 0 0 0 0 0 0 0 
2020-03-22 14:39:19,294 [INFO] CAN RX: 672 8 0 0 0 0 0 0 0 28 
2020-03-22 14:39:19,377 [INFO] CAN TX: 640 81 0 0 0 0 0 0 0 
2020-03-22 14:39:19,395 [INFO] CAN RX: 640 8 0 0 0 0 0 0 0 3c 
2020-03-22 14:39:19,478 [INFO] CAN TX: 5dc 81 0 0 0 0 0 0 0 
2020-03-22 14:39:20,899 [INFO] CAN TX: 6a4 81 0 0 0 0 0 0 0 
2020-03-22 14:39:20,933 [INFO] CAN RX: 6a4 8 0 0 0 0 0 0 0 5f 
2020-03-22 14:39:21,031 [INFO] CAN TX: 672 81 0 0 0 0 0 0 0 
2020-03-22 14:39:21,064 [INFO] CAN RX: 672 8 0 0 0 0 0 0 0 28 
2020-03-22 14:39:21,152 [INFO] CAN TX: 640 81 0 0 0 0 0 0 0 
2020-03-22 14:39:21,195 [INFO] CAN RX: 640 8 0 0 0 0 0 0 0 3c 
2020-03-22 14:39:21,578 [INFO] CAN TX: 618 80 0 0 0 0 2 0 1 
2020-03-22 14:39:21,680 [INFO] CAN TX: 604 80 0 0 0 0 14 0 1 
2020-03-22 14:39:21,881 [INFO] CAN TX: 168 80 0 0 0 0 0 0 1 
2020-03-22 14:39:21,981 [INFO] CAN TX: 2f8 80 0 0 0 0 0 0 0 
2020-03-22 14:39:22,677 [INFO] CAN TX: 6a4 81 0 0 0 0 0 0 0 
2020-03-22 14:39:22,710 [INFO] CAN RX: 6a4 8 0 0 0 0 0 0 0 64 
2020-03-22 14:39:22,798 [INFO] CAN TX: 672 81 0 0 0 0 0 0 0 
2020-03-22 14:39:22,821 [INFO] CAN RX: 672 8 0 0 0 0 0 0 0 28 
2020-03-22 14:39:22,904 [INFO] CAN TX: 640 81 0 0 0 0 0 0 0 
2020-03-22 14:39:22,922 [INFO] CAN RX: 640 8 0 0 0 0 0 0 0 3c 
2020-03-22 14:39:58,732 [INFO] 
2020-03-22 14:39:58,732 [INFO] Executing ReCircle machine control script...
2020-03-22 14:39:58,733 [INFO] Initializing CAN0
2020-03-22 14:39:58,733 [INFO] RPi detected
2020-03-22 14:39:58,922 [INFO] Created a socket
2020-03-22 14:39:58,923 [INFO] Initialized CAN0
2020-03-22 14:39:58,925 [INFO] Initializing System
2020-03-22 14:39:58,926 [INFO] Initialized System
2020-03-22 14:39:58,927 [INFO] Starting System
2020-03-22 14:39:59,193 [INFO] CAN TX: 6a4 - 8 - 1 0 0 0 0 0 0 0 
2020-03-22 14:39:59,194 [INFO] Starting GUI
2020-03-22 14:39:59,208 [INFO] CAN RX: 6a4 - 8 - 0 0 0 0 0 0 0 67 
2020-03-22 14:39:59,295 [INFO] CAN TX: 672 - 8 - 1 0 0 0 0 0 0 0 
2020-03-22 14:39:59,309 [INFO] CAN RX: 672 - 8 - 0 0 0 0 0 0 0 28 
2020-03-22 14:39:59,396 [INFO] CAN TX: 640 - 8 - 1 0 0 0 0 0 0 0 
2020-03-22 14:39:59,410 [INFO] CAN RX: 640 - 8 - 0 0 0 0 0 0 0 3c 
2020-03-22 14:39:59,497 [INFO] CAN TX: 5dc - 8 - 1 0 0 0 0 0 0 0 
2020-03-22 14:40:00,873 [INFO] CAN TX: 6a4 - 8 - 1 0 0 0 0 0 0 0 
2020-03-22 14:40:00,907 [INFO] CAN RX: 6a4 - 8 - 0 0 0 0 0 0 0 6a 
2020-03-22 14:40:00,994 [INFO] CAN TX: 672 - 8 - 1 0 0 0 0 0 0 0 
2020-03-22 14:40:01,028 [INFO] CAN RX: 672 - 8 - 0 0 0 0 0 0 0 28 
2020-03-22 14:40:01,116 [INFO] CAN TX: 640 - 8 - 1 0 0 0 0 0 0 0 
2020-03-22 14:40:01,149 [INFO] CAN RX: 640 - 8 - 0 0 0 0 0 0 0 3c 
2020-03-22 14:40:01,599 [INFO] CAN TX: 618 - 8 - 0 0 0 0 0 2 0 1 
2020-03-22 14:40:01,700 [INFO] CAN TX: 604 - 8 - 0 0 0 0 0 14 0 1 
2020-03-22 14:40:01,901 [INFO] CAN TX: 168 - 8 - 0 0 0 0 0 0 0 1 
2020-03-22 14:40:02,002 [INFO] CAN TX: 2f8 - 8 - 0 0 0 0 0 0 0 0 
2020-03-22 14:40:12,482 [INFO] 
2020-03-22 14:40:12,483 [INFO] Executing ReCircle machine control script...
2020-03-22 14:40:12,483 [INFO] Initializing CAN0
2020-03-22 14:40:12,484 [INFO] RPi detected
2020-03-22 14:40:12,664 [INFO] Created a socket
2020-03-22 14:40:12,665 [INFO] Initialized CAN0
2020-03-22 14:40:12,666 [INFO] Initializing System
2020-03-22 14:40:12,666 [INFO] Initialized System
2020-03-22 14:40:12,667 [INFO] Starting System
2020-03-22 14:40:12,926 [INFO] CAN TX: 6a4 - 8 - 1 0 0 0 0 0 0 0 
2020-03-22 14:40:12,927 [INFO] Starting GUI
2020-03-22 14:40:12,949 [INFO] CAN RX: 6a4 - 8 - 0 0 0 0 0 0 0 6f 
2020-03-22 14:40:13,028 [INFO] CAN TX: 672 - 8 - 1 0 0 0 0 0 0 0 
2020-03-22 14:40:13,049 [INFO] CAN RX: 672 - 8 - 0 0 0 0 0 0 0 28 
2020-03-22 14:40:13,129 [INFO] CAN TX: 640 - 8 - 1 0 0 0 0 0 0 0 
2020-03-22 14:40:13,151 [INFO] CAN RX: 640 - 8 - 0 0 0 0 0 0 0 3c 
2020-03-22 14:40:13,230 [INFO] CAN TX: 5dc - 8 - 1 0 0 0 0 0 0 0 
2020-03-22 14:40:14,591 [INFO] CAN TX: 6a4 - 8 - 1 0 0 0 0 0 0 0 
2020-03-22 14:40:14,628 [INFO] CAN RX: 6a4 - 8 - 0 0 0 0 0 0 0 72 
2020-03-22 14:40:14,716 [INFO] CAN TX: 672 - 8 - 1 0 0 0 0 0 0 0 
2020-03-22 14:40:14,749 [INFO] CAN RX: 672 - 8 - 0 0 0 0 0 0 0 28 
2020-03-22 14:40:14,832 [INFO] CAN TX: 640 - 8 - 1 0 0 0 0 0 0 0 
2020-03-22 14:40:14,869 [INFO] CAN RX: 640 - 8 - 0 0 0 0 0 0 0 3c 
2020-03-22 14:40:15,331 [INFO] CAN TX: 618 - 8 - 0 0 0 0 0 2 0 1 
2020-03-22 14:40:15,432 [INFO] CAN TX: 604 - 8 - 0 0 0 0 0 14 0 1 
2020-03-22 14:40:15,633 [INFO] CAN TX: 168 - 8 - 0 0 0 0 0 0 0 1 
2020-03-22 14:40:15,734 [INFO] CAN TX: 2f8 - 8 - 0 0 0 0 0 0 0 0 
2020-03-22 14:40:16,329 [INFO] CAN TX: 6a4 - 8 - 1 0 0 0 0 0 0 0 
2020-03-22 14:40:16,365 [INFO] CAN RX: 6a4 - 8 - 0 0 0 0 0 0 0 77 
2020-03-22 14:40:16,451 [INFO] CAN TX: 672 - 8 - 1 0 0 0 0 0 0 0 
2020-03-22 14:40:16,486 [INFO] CAN RX: 672 - 8 - 0 0 0 0 0 0 0 28 
2020-03-22 14:40:16,572 [INFO] CAN TX: 640 - 8 - 1 0 0 0 0 0 0 0 
2020-03-22 14:40:16,607 [INFO] CAN RX: 640 - 8 - 0 0 0 0 0 0 0 3c 
2020-03-22 14:40:20,839 [INFO] CAN TX: 5dc - 8 - 1 0 0 0 0 0 0 0 
2020-03-22 14:40:22,940 [INFO] CAN TX: 618 - 8 - 0 0 0 0 0 2 0 1 
2020-03-22 14:40:23,041 [INFO] CAN TX: 604 - 8 - 0 0 0 0 0 14 0 1 
2020-03-22 14:40:23,242 [INFO] CAN TX: 168 - 8 - 0 0 0 0 0 0 0 1 
2020-03-22 14:40:23,342 [INFO] CAN TX: 2f8 - 8 - 0 0 0 0 0 0 0 0 
2020-03-22 15:17:32,649 [INFO] 
2020-03-22 15:17:32,650 [INFO] Executing ReCircle machine control script...
2020-03-22 15:17:32,650 [INFO] Initializing CAN0
2020-03-22 15:17:32,651 [INFO] RPi detected
2020-03-22 15:17:32,829 [INFO] Created a socket
2020-03-22 15:17:32,830 [INFO] Initialized CAN0
2020-03-22 15:17:32,831 [INFO] Initializing System
2020-03-22 15:17:32,832 [INFO] Initialized System
2020-03-22 15:17:32,832 [INFO] Starting System
2020-03-22 15:17:33,093 [INFO] CAN TX: 6a4 - 8 - 1 0 0 0 0 0 0 0 
2020-03-22 15:17:33,093 [INFO] Starting GUI
2020-03-22 15:17:33,111 [INFO] CAN RX: 6a4 - 8 - 0 0 0 0 0 0 0 14 
2020-03-22 15:17:33,194 [INFO] CAN TX: 672 - 8 - 1 0 0 0 0 0 0 0 
2020-03-22 15:17:33,213 [INFO] CAN RX: 672 - 8 - 0 0 0 0 0 0 0 28 
2020-03-22 15:17:33,296 [INFO] CAN TX: 640 - 8 - 1 0 0 0 0 0 0 0 
2020-03-22 15:17:33,315 [INFO] CAN RX: 640 - 8 - 0 0 0 0 0 0 0 3c 
2020-03-22 15:17:33,398 [INFO] CAN TX: 5dc - 8 - 1 0 0 0 0 0 0 0 
2020-03-22 15:17:34,753 [INFO] CAN TX: 6a4 - 8 - 1 0 0 0 0 0 0 0 
2020-03-22 15:17:34,790 [INFO] CAN RX: 6a4 - 8 - 0 0 0 0 0 0 0 17 
2020-03-22 15:17:34,869 [INFO] CAN TX: 672 - 8 - 1 0 0 0 0 0 0 0 
2020-03-22 15:17:34,891 [INFO] CAN RX: 672 - 8 - 0 0 0 0 0 0 0 28 
2020-03-22 15:17:34,975 [INFO] CAN TX: 640 - 8 - 1 0 0 0 0 0 0 0 
2020-03-22 15:17:35,003 [INFO] CAN RX: 640 - 8 - 0 0 0 0 0 0 0 3c 
2020-03-22 15:17:35,501 [INFO] CAN TX: 618 - 8 - 0 0 0 0 0 2 0 1 
2020-03-22 15:17:35,602 [INFO] CAN TX: 604 - 8 - 0 0 0 0 0 14 0 1 
2020-03-22 15:17:35,803 [INFO] CAN TX: 168 - 8 - 0 0 0 0 0 0 0 1 
2020-03-22 15:17:35,904 [INFO] CAN TX: 2f8 - 8 - 0 0 0 0 0 0 0 0 
2020-03-22 15:17:36,460 [INFO] CAN TX: 6a4 - 8 - 1 0 0 0 0 0 0 0 
2020-03-22 15:17:36,497 [INFO] CAN RX: 6a4 - 8 - 0 0 0 0 0 0 0 1c 
2020-03-22 15:17:36,577 [INFO] CAN TX: 672 - 8 - 1 0 0 0 0 0 0 0 
2020-03-22 15:17:36,609 [INFO] CAN RX: 672 - 8 - 0 0 0 0 0 0 0 28 
2020-03-22 15:17:36,688 [INFO] CAN TX: 640 - 8 - 1 0 0 0 0 0 0 0 
2020-03-22 15:17:36,720 [INFO] CAN RX: 640 - 8 - 0 0 0 0 0 0 0 3c 
2020-03-22 15:18:10,244 [INFO] 
2020-03-22 15:18:10,245 [INFO] Executing ReCircle machine control script...
2020-03-22 15:18:10,245 [INFO] Initializing CAN0
2020-03-22 15:18:10,245 [INFO] RPi detected
2020-03-22 15:18:10,439 [INFO] Created a socket
2020-03-22 15:18:10,440 [INFO] Initialized CAN0
2020-03-22 15:18:10,441 [INFO] Initializing System
2020-03-22 15:18:10,441 [INFO] Initialized System
2020-03-22 15:18:10,442 [INFO] Starting System
2020-03-22 15:18:10,705 [INFO] CAN TX: 6a4 - 8 - 1 0 0 0 0 0 0 0 
2020-03-22 15:18:10,706 [INFO] Starting GUI
2020-03-22 15:18:10,723 [INFO] CAN RX: 6a4 - 8 - 0 0 0 0 0 0 0 14 
2020-03-22 15:18:10,806 [INFO] CAN TX: 672 - 8 - 1 0 0 0 0 0 0 0 
2020-03-22 15:18:10,821 [INFO] CAN RX: 672 - 8 - 0 0 0 0 0 0 0 28 
2020-03-22 15:18:10,906 [INFO] CAN TX: 640 - 8 - 1 0 0 0 0 0 0 0 
2020-03-22 15:18:10,919 [INFO] CAN RX: 640 - 8 - 0 0 0 0 0 0 0 3c 
2020-03-22 15:18:11,008 [INFO] CAN TX: 5dc - 8 - 1 0 0 0 0 0 0 0 
2020-03-22 15:18:12,364 [INFO] CAN TX: 6a4 - 8 - 1 0 0 0 0 0 0 0 
2020-03-22 15:18:12,391 [INFO] CAN RX: 6a4 - 8 - 0 0 0 0 0 0 0 17 
2020-03-22 15:18:12,475 [INFO] CAN TX: 672 - 8 - 1 0 0 0 0 0 0 0 
2020-03-22 15:18:12,500 [INFO] CAN RX: 672 - 8 - 0 0 0 0 0 0 0 28 
2020-03-22 15:18:12,586 [INFO] CAN TX: 640 - 8 - 1 0 0 0 0 0 0 0 
2020-03-22 15:18:12,608 [INFO] CAN RX: 640 - 8 - 0 0 0 0 0 0 0 3c 
2020-03-22 15:18:13,109 [INFO] CAN TX: 618 - 8 - 0 0 0 0 0 2 0 1 
2020-03-22 15:18:13,211 [INFO] CAN TX: 604 - 8 - 0 0 0 0 0 14 0 1 
2020-03-22 15:18:13,412 [INFO] CAN TX: 168 - 8 - 0 0 0 0 0 0 0 1 
2020-03-22 15:18:13,512 [INFO] CAN TX: 2f8 - 8 - 0 0 0 0 0 0 0 0 
2020-03-22 15:18:14,058 [INFO] CAN TX: 6a4 - 8 - 1 0 0 0 0 0 0 0 
2020-03-22 15:18:14,083 [INFO] CAN RX: 6a4 - 8 - 0 0 0 0 0 0 0 1c 
2020-03-22 15:18:14,169 [INFO] CAN TX: 672 - 8 - 1 0 0 0 0 0 0 0 
2020-03-22 15:18:14,192 [INFO] CAN RX: 672 - 8 - 0 0 0 0 0 0 0 28 
2020-03-22 15:18:14,280 [INFO] CAN TX: 640 - 8 - 1 0 0 0 0 0 0 0 
2020-03-22 15:18:14,300 [INFO] CAN RX: 640 - 8 - 0 0 0 0 0 0 0 3c 
2020-03-22 15:18:18,617 [INFO] CAN TX: 5dc - 8 - 1 0 0 0 0 0 0 0 
2020-03-22 15:18:20,718 [INFO] CAN TX: 618 - 8 - 0 0 0 0 0 2 0 1 
2020-03-22 15:18:20,819 [INFO] CAN TX: 604 - 8 - 0 0 0 0 0 14 0 1 
2020-03-22 15:18:21,020 [INFO] CAN TX: 168 - 8 - 0 0 0 0 0 0 0 1 
2020-03-22 15:18:21,121 [INFO] CAN TX: 2f8 - 8 - 0 0 0 0 0 0 0 0 
2020-03-22 15:18:22,812 [INFO] CAN TX: 6a4 - 8 - 1 0 0 0 0 0 0 0 
2020-03-22 15:18:22,841 [INFO] CAN RX: 6a4 - 8 - 0 0 0 0 0 0 0 21 
2020-03-22 15:18:22,934 [INFO] CAN TX: 672 - 8 - 1 0 0 0 0 0 0 0 
2020-03-22 15:18:22,960 [INFO] CAN RX: 672 - 8 - 0 0 0 0 0 0 0 28 
2020-03-22 15:18:23,055 [INFO] CAN TX: 640 - 8 - 1 0 0 0 0 0 0 0 
2020-03-22 15:18:23,088 [INFO] CAN RX: 640 - 8 - 0 0 0 0 0 0 0 3c 
2020-03-22 15:18:24,485 [INFO] CAN TX: 6a4 - 8 - 1 0 0 0 0 0 0 0 
2020-03-22 15:18:24,501 [INFO] CAN RX: 6a4 - 8 - 0 0 0 0 0 0 0 24 
2020-03-22 15:18:24,590 [INFO] CAN TX: 672 - 8 - 1 0 0 0 0 0 0 0 
2020-03-22 15:18:24,609 [INFO] CAN RX: 672 - 8 - 0 0 0 0 0 0 0 28 
2020-03-22 15:18:24,692 [INFO] CAN TX: 640 - 8 - 1 0 0 0 0 0 0 0 
2020-03-22 15:18:24,707 [INFO] CAN RX: 640 - 8 - 0 0 0 0 0 0 0 3c 
2020-03-22 15:18:26,225 [INFO] CAN TX: 5dc - 8 - 1 0 0 0 0 0 0 0 
2020-03-22 15:18:28,327 [INFO] CAN TX: 618 - 8 - 0 0 0 0 0 2 0 1 
2020-03-22 15:18:28,427 [INFO] CAN TX: 604 - 8 - 0 0 0 0 0 14 0 1 
2020-03-22 15:18:28,628 [INFO] CAN TX: 168 - 8 - 0 0 0 0 0 0 0 1 
2020-03-22 15:18:28,729 [INFO] CAN TX: 2f8 - 8 - 0 0 0 0 0 0 0 0 
2020-03-22 15:20:16,192 [INFO] 
2020-03-22 15:20:16,193 [INFO] Executing ReCircle machine control script...
2020-03-22 15:20:16,194 [INFO] Initializing CAN0
2020-03-22 15:20:16,194 [INFO] RPi detected
2020-03-22 15:20:16,383 [INFO] Created a socket
2020-03-22 15:20:16,384 [INFO] Initialized CAN0
2020-03-22 15:20:16,385 [INFO] Initializing System
2020-03-22 15:20:16,385 [INFO] Initialized System
2020-03-22 15:20:16,386 [INFO] Starting System
2020-03-22 15:20:16,644 [INFO] CAN TX: 6a4 - 8 - 1 0 0 0 0 0 0 0 
2020-03-22 15:20:16,645 [INFO] Starting GUI
2020-03-22 15:20:16,655 [INFO] CAN RX: 6a4 - 8 - 0 0 0 0 0 0 0 14 
2020-03-22 15:20:16,746 [INFO] CAN TX: 672 - 8 - 1 0 0 0 0 0 0 0 
2020-03-22 15:20:16,764 [INFO] CAN RX: 672 - 8 - 0 0 0 0 0 0 0 28 
2020-03-22 15:20:16,847 [INFO] CAN TX: 640 - 8 - 1 0 0 0 0 0 0 0 
2020-03-22 15:20:16,862 [INFO] CAN RX: 640 - 8 - 0 0 0 0 0 0 0 3c 
2020-03-22 15:20:16,949 [INFO] CAN TX: 5dc - 8 - 1 0 0 0 0 0 0 0 
2020-03-22 15:20:18,312 [INFO] CAN TX: 6a4 - 8 - 1 0 0 0 0 0 0 0 
2020-03-22 15:20:18,345 [INFO] CAN RX: 6a4 - 8 - 0 0 0 0 0 0 0 15 
2020-03-22 15:20:18,433 [INFO] CAN TX: 672 - 8 - 1 0 0 0 0 0 0 0 
2020-03-22 15:20:18,463 [INFO] CAN RX: 672 - 8 - 0 0 0 0 0 0 0 28 
2020-03-22 15:20:18,555 [INFO] CAN TX: 640 - 8 - 1 0 0 0 0 0 0 0 
2020-03-22 15:20:18,582 [INFO] CAN RX: 640 - 8 - 0 0 0 0 0 0 0 3c 
2020-03-22 15:20:19,052 [INFO] CAN TX: 618 - 8 - 0 0 0 0 0 2 0 1 
2020-03-22 15:20:19,153 [INFO] CAN TX: 604 - 8 - 0 0 0 0 0 14 0 1 
2020-03-22 15:20:19,354 [INFO] CAN TX: 168 - 8 - 0 0 0 0 0 0 0 1 
2020-03-22 15:20:19,455 [INFO] CAN TX: 2f8 - 8 - 0 0 0 0 0 0 0 0 
2020-03-22 15:20:20,063 [INFO] CAN TX: 6a4 - 8 - 1 0 0 0 0 0 0 0 
2020-03-22 15:20:20,097 [INFO] CAN RX: 6a4 - 8 - 0 0 0 0 0 0 0 16 
2020-03-22 15:20:20,184 [INFO] CAN TX: 672 - 8 - 1 0 0 0 0 0 0 0 
2020-03-22 15:20:20,215 [INFO] CAN RX: 672 - 8 - 0 0 0 0 0 0 0 28 
2020-03-22 15:20:20,306 [INFO] CAN TX: 640 - 8 - 1 0 0 0 0 0 0 0 
2020-03-22 15:20:20,334 [INFO] CAN RX: 640 - 8 - 0 0 0 0 0 0 0 3c 
2020-03-22 15:20:24,559 [INFO] CAN TX: 5dc - 8 - 1 0 0 0 0 0 0 0 
2020-03-22 15:20:26,661 [INFO] CAN TX: 618 - 8 - 0 0 0 0 0 2 0 1 
2020-03-22 15:20:26,762 [INFO] CAN TX: 604 - 8 - 0 0 0 0 0 14 0 1 
2020-03-22 15:20:26,963 [INFO] CAN TX: 168 - 8 - 0 0 0 0 0 0 0 1 
2020-03-22 15:20:27,063 [INFO] CAN TX: 2f8 - 8 - 0 0 0 0 0 0 0 0 
2020-03-22 15:20:28,781 [INFO] CAN TX: 6a4 - 8 - 1 0 0 0 0 0 0 0 
2020-03-22 15:20:28,804 [INFO] CAN RX: 6a4 - 8 - 0 0 0 0 0 0 0 17 
2020-03-22 15:20:28,900 [INFO] CAN TX: 672 - 8 - 1 0 0 0 0 0 0 0 
2020-03-22 15:20:28,933 [INFO] CAN RX: 672 - 8 - 0 0 0 0 0 0 0 28 
2020-03-22 15:20:29,021 [INFO] CAN TX: 640 - 8 - 1 0 0 0 0 0 0 0 
2020-03-22 15:20:29,051 [INFO] CAN RX: 640 - 8 - 0 0 0 0 0 0 0 3c 
2020-03-22 15:20:30,521 [INFO] CAN TX: 6a4 - 8 - 1 0 0 0 0 0 0 0 
2020-03-22 15:20:30,535 [INFO] CAN RX: 6a4 - 8 - 0 0 0 0 0 0 0 18 
2020-03-22 15:20:30,622 [INFO] CAN TX: 672 - 8 - 1 0 0 0 0 0 0 0 
2020-03-22 15:20:30,632 [INFO] CAN RX: 672 - 8 - 0 0 0 0 0 0 0 28 
2020-03-22 15:20:30,723 [INFO] CAN TX: 640 - 8 - 1 0 0 0 0 0 0 0 
2020-03-22 15:20:30,741 [INFO] CAN RX: 640 - 8 - 0 0 0 0 0 0 0 3c 
2020-03-22 15:20:32,168 [INFO] CAN TX: 5dc - 8 - 1 0 0 0 0 0 0 0 
2020-03-22 15:20:34,269 [INFO] CAN TX: 618 - 8 - 0 0 0 0 0 2 0 1 
2020-03-22 15:20:34,370 [INFO] CAN TX: 604 - 8 - 0 0 0 0 0 14 0 1 
2020-03-22 15:20:34,571 [INFO] CAN TX: 168 - 8 - 0 0 0 0 0 0 0 1 
2020-03-22 15:20:34,671 [INFO] CAN TX: 2f8 - 8 - 0 0 0 0 0 0 0 0 
2020-03-22 15:20:39,166 [INFO] CAN TX: 6a4 - 8 - 1 0 0 0 0 0 0 0 
2020-03-22 15:20:39,182 [INFO] CAN RX: 6a4 - 8 - 0 0 0 0 0 0 0 19 
2020-03-22 15:20:39,268 [INFO] CAN TX: 672 - 8 - 1 0 0 0 0 0 0 0 
2020-03-22 15:20:39,280 [INFO] CAN RX: 672 - 8 - 0 0 0 0 0 0 0 28 
2020-03-22 15:20:39,369 [INFO] CAN TX: 640 - 8 - 1 0 0 0 0 0 0 0 
2020-03-22 15:20:39,388 [INFO] CAN RX: 640 - 8 - 0 0 0 0 0 0 0 3c 
2020-03-22 15:20:39,776 [INFO] CAN TX: 5dc - 8 - 1 0 0 0 0 0 0 0 
2020-03-22 15:20:40,995 [INFO] CAN TX: 6a4 - 8 - 1 0 0 0 0 0 0 0 
2020-03-22 15:20:41,022 [INFO] CAN RX: 6a4 - 8 - 0 0 0 0 0 0 0 1a 
2020-03-22 15:20:41,117 [INFO] CAN TX: 672 - 8 - 1 0 0 0 0 0 0 0 
2020-03-22 15:20:41,150 [INFO] CAN RX: 672 - 8 - 0 0 0 0 0 0 0 28 
2020-03-22 15:20:41,238 [INFO] CAN TX: 640 - 8 - 1 0 0 0 0 0 0 0 
2020-03-22 15:20:41,269 [INFO] CAN RX: 640 - 8 - 0 0 0 0 0 0 0 3c 
2020-03-22 15:20:41,876 [INFO] CAN TX: 618 - 8 - 0 0 0 0 0 2 0 1 
2020-03-22 15:20:41,977 [INFO] CAN TX: 604 - 8 - 0 0 0 0 0 14 0 1 
2020-03-22 15:20:42,178 [INFO] CAN TX: 168 - 8 - 0 0 0 0 0 0 0 1 
2020-03-22 15:20:42,279 [INFO] CAN TX: 2f8 - 8 - 0 0 0 0 0 0 0 0 
2020-03-22 15:20:47,383 [INFO] CAN TX: 5dc - 8 - 1 0 0 0 0 0 0 0 
2020-03-22 15:20:49,476 [INFO] CAN TX: 6a4 - 8 - 1 0 0 0 0 0 0 0 
2020-03-22 15:20:49,485 [INFO] CAN TX: 618 - 8 - 0 0 0 0 0 2 0 1 
2020-03-22 15:20:49,491 [INFO] CAN RX: 6a4 - 8 - 0 0 0 0 0 0 0 14 
2020-03-22 15:20:49,577 [INFO] CAN TX: 672 - 8 - 1 0 0 0 0 0 0 0 
2020-03-22 15:20:49,586 [INFO] CAN TX: 604 - 8 - 0 0 0 0 0 14 0 1 
2020-03-22 15:20:49,588 [INFO] CAN RX: 672 - 8 - 0 0 0 0 0 0 0 28 
2020-03-22 15:20:49,678 [INFO] CAN TX: 640 - 8 - 1 0 0 0 0 0 0 0 
2020-03-22 15:20:49,694 [INFO] CAN RX: 640 - 8 - 0 0 0 0 0 0 0 3c 
2020-03-22 15:20:49,787 [INFO] CAN TX: 168 - 8 - 0 0 0 0 0 0 0 1 
2020-03-22 15:20:49,887 [INFO] CAN TX: 2f8 - 8 - 0 0 0 0 0 0 0 0 
2020-03-22 15:20:51,602 [INFO] CAN TX: 6a4 - 8 - 1 0 0 0 0 0 0 0 
2020-03-22 15:20:51,630 [INFO] CAN RX: 6a4 - 8 - 0 0 0 0 0 0 0 1e 
2020-03-22 15:20:51,713 [INFO] CAN TX: 672 - 8 - 1 0 0 0 0 0 0 0 
2020-03-22 15:20:51,739 [INFO] CAN RX: 672 - 8 - 0 0 0 0 0 0 0 28 
2020-03-22 15:20:51,824 [INFO] CAN TX: 640 - 8 - 1 0 0 0 0 0 0 0 
2020-03-22 15:20:51,847 [INFO] CAN RX: 640 - 8 - 0 0 0 0 0 0 0 3c 
2020-03-22 15:20:54,992 [INFO] CAN TX: 5dc - 8 - 1 0 0 0 0 0 0 0 
2020-03-22 15:20:57,094 [INFO] CAN TX: 618 - 8 - 0 0 0 0 0 2 0 1 
2020-03-22 15:20:57,195 [INFO] CAN TX: 604 - 8 - 0 0 0 0 0 14 0 1 
2020-03-22 15:20:57,396 [INFO] CAN TX: 168 - 8 - 0 0 0 0 0 0 0 1 
2020-03-22 15:20:57,497 [INFO] CAN TX: 2f8 - 8 - 0 0 0 0 0 0 0 0 
2020-03-22 15:20:59,780 [INFO] CAN TX: 6a4 - 8 - 1 0 0 0 0 0 0 0 
2020-03-22 15:20:59,799 [INFO] CAN RX: 6a4 - 8 - 0 0 0 0 0 0 0 28 
2020-03-22 15:20:59,881 [INFO] CAN TX: 672 - 8 - 1 0 0 0 0 0 0 0 
2020-03-22 15:20:59,898 [INFO] CAN RX: 672 - 8 - 0 0 0 0 0 0 0 28 
2020-03-22 15:20:59,982 [INFO] CAN TX: 640 - 8 - 1 0 0 0 0 0 0 0 
2020-03-22 15:20:59,996 [INFO] CAN RX: 640 - 8 - 0 0 0 0 0 0 0 3c 
2020-03-22 15:21:01,990 [INFO] CAN TX: 6a4 - 8 - 1 0 0 0 0 0 0 0 
2020-03-22 15:21:02,008 [INFO] CAN RX: 6a4 - 8 - 0 0 0 0 0 0 0 32 
2020-03-22 15:21:02,092 [INFO] CAN TX: 672 - 8 - 1 0 0 0 0 0 0 0 
2020-03-22 15:21:02,106 [INFO] CAN RX: 672 - 8 - 0 0 0 0 0 0 0 28 
2020-03-22 15:21:02,193 [INFO] CAN TX: 640 - 8 - 1 0 0 0 0 0 0 0 
2020-03-22 15:21:02,204 [INFO] CAN RX: 640 - 8 - 0 0 0 0 0 0 0 3c 
2020-03-22 15:21:02,601 [INFO] CAN TX: 5dc - 8 - 1 0 0 0 0 0 0 0 
2020-03-22 15:21:04,702 [INFO] CAN TX: 618 - 8 - 0 0 0 0 0 2 0 1 
2020-03-22 15:21:04,814 [INFO] CAN TX: 604 - 8 - 0 0 0 0 0 14 0 1 
2020-03-22 15:21:05,015 [INFO] CAN TX: 168 - 8 - 0 0 0 0 0 0 0 1 
2020-03-22 15:21:05,116 [INFO] CAN TX: 2f8 - 8 - 0 0 0 0 0 0 0 0 
